<?xml version="1.0" encoding="UTF-8"?>
<robot generator="Robot 3.2.2 (Python 3.9.1 on win32)" generated="20210303 14:41:30.381" rpa="false">
<suite id="s1" name="rental29 infotiv net bookCar test" source="C:\Users\stefa\PycharmProjects\rental29_infotiv_net\Test\rental29_infotiv_net_bookCar_test.robot">
<test id="s1-t1" name="User can login and navigate to booking a car.">
<kw name="Begin Web Test" library="rental29_bookCar" type="setup">
<kw name="Open Browser" library="SeleniumLibrary">
<doc>Opens a new browser instance to the optional ``url``.</doc>
<arguments>
<arg>about:blank</arg>
<arg>${BROWSER}</arg>
</arguments>
<msg timestamp="20210303 14:41:30.739" level="INFO">Opening browser 'chrome' to base url 'about:blank'.</msg>
<status status="PASS" starttime="20210303 14:41:30.739" endtime="20210303 14:41:32.341"></status>
</kw>
<kw name="Set Selenium Timeout" library="SeleniumLibrary">
<doc>Sets the timeout that is used by various keywords.</doc>
<arguments>
<arg>15</arg>
</arguments>
<status status="PASS" starttime="20210303 14:41:32.342" endtime="20210303 14:41:32.346"></status>
</kw>
<status status="PASS" starttime="20210303 14:41:30.738" endtime="20210303 14:41:32.346"></status>
</kw>
<kw name="Given USER accesses the webpage" library="rental29_bookCar">
<kw name="Go to Web Page" library="rental29_bookCar">
<kw name="Load Page" library="rental29_bookCar">
<kw name="Go To" library="SeleniumLibrary">
<doc>Navigates the current browser window to the provided ``url``.</doc>
<arguments>
<arg>${URL1}</arg>
</arguments>
<msg timestamp="20210303 14:41:32.349" level="INFO">Opening url 'http://rental29.infotiv.net/'</msg>
<status status="PASS" starttime="20210303 14:41:32.349" endtime="20210303 14:41:33.494"></status>
</kw>
<status status="PASS" starttime="20210303 14:41:32.348" endtime="20210303 14:41:33.494"></status>
</kw>
<kw name="Verify Page Loaded" library="rental29_bookCar">
<kw name="Get Title" library="SeleniumLibrary">
<doc>Returns the title of the current page.</doc>
<assign>
<var>${LINK_TEXT}</var>
</assign>
<msg timestamp="20210303 14:41:33.505" level="INFO">${LINK_TEXT} = Infotiv Car Rental</msg>
<status status="PASS" starttime="20210303 14:41:33.495" endtime="20210303 14:41:33.505"></status>
</kw>
<kw name="Should Be Equal" library="BuiltIn">
<doc>Fails if the given objects are unequal.</doc>
<arguments>
<arg>${LINK_TEXT}</arg>
<arg>Infotiv Car Rental</arg>
</arguments>
<status status="PASS" starttime="20210303 14:41:33.506" endtime="20210303 14:41:33.506"></status>
</kw>
<status status="PASS" starttime="20210303 14:41:33.495" endtime="20210303 14:41:33.506"></status>
</kw>
<status status="PASS" starttime="20210303 14:41:32.348" endtime="20210303 14:41:33.507"></status>
</kw>
<status status="PASS" starttime="20210303 14:41:32.347" endtime="20210303 14:41:33.507"></status>
</kw>
<kw name="And USER is logged in" library="rental29_bookCar">
<kw name="Input Username" library="rental29_bookCar">
<arguments>
<arg>stefan_nikolic@hotmail.com</arg>
</arguments>
<kw name="Input Text" library="SeleniumLibrary">
<doc>Types the given ``text`` into the text field identified by ``locator``.</doc>
<arguments>
<arg>id:email</arg>
<arg>${SEARCH_TERM}</arg>
</arguments>
<msg timestamp="20210303 14:41:33.510" level="INFO">Typing text 'stefan_nikolic@hotmail.com' into text field 'id:email'.</msg>
<status status="PASS" starttime="20210303 14:41:33.509" endtime="20210303 14:41:33.763"></status>
</kw>
<status status="PASS" starttime="20210303 14:41:33.508" endtime="20210303 14:41:33.763"></status>
</kw>
<kw name="Input Password" library="rental29_bookCar">
<arguments>
<arg>123456</arg>
</arguments>
<kw name="Input Text" library="SeleniumLibrary">
<doc>Types the given ``text`` into the text field identified by ``locator``.</doc>
<arguments>
<arg>id:password</arg>
<arg>${SEARCH_TERM}</arg>
</arguments>
<msg timestamp="20210303 14:41:33.766" level="INFO">Typing text '123456' into text field 'id:password'.</msg>
<status status="PASS" starttime="20210303 14:41:33.765" endtime="20210303 14:41:33.887"></status>
</kw>
<status status="PASS" starttime="20210303 14:41:33.763" endtime="20210303 14:41:33.887"></status>
</kw>
<kw name="Verify User Logged in" library="rental29_bookCar">
<kw name="Click Element" library="SeleniumLibrary">
<doc>Click the element identified by ``locator``.</doc>
<arguments>
<arg>id:login</arg>
</arguments>
<msg timestamp="20210303 14:41:33.888" level="INFO">Clicking element 'id:login'.</msg>
<status status="PASS" starttime="20210303 14:41:33.888" endtime="20210303 14:41:34.454"></status>
</kw>
<kw name="Wait Until Page Contains Element" library="SeleniumLibrary">
<doc>Waits until the element ``locator`` appears on the current page.</doc>
<arguments>
<arg>id:welcomePhrase</arg>
</arguments>
<status status="PASS" starttime="20210303 14:41:34.454" endtime="20210303 14:41:34.482"></status>
</kw>
<kw name="Page Should Contain" library="SeleniumLibrary">
<doc>Verifies that current page contains ``text``.</doc>
<arguments>
<arg>You are signed in as Stefan</arg>
</arguments>
<msg timestamp="20210303 14:41:34.505" level="INFO">Current page contains text 'You are signed in as Stefan'.</msg>
<status status="PASS" starttime="20210303 14:41:34.482" endtime="20210303 14:41:34.505"></status>
</kw>
<status status="PASS" starttime="20210303 14:41:33.887" endtime="20210303 14:41:34.505"></status>
</kw>
<status status="PASS" starttime="20210303 14:41:33.508" endtime="20210303 14:41:34.505"></status>
</kw>
<kw name="And USER navigates to finding car bookings" library="rental29_bookCar">
<kw name="Access Car Selection Page" library="rental29_bookCar">
<kw name="Click Element" library="SeleniumLibrary">
<doc>Click the element identified by ``locator``.</doc>
<arguments>
<arg>id:continue</arg>
</arguments>
<msg timestamp="20210303 14:41:34.507" level="INFO">Clicking element 'id:continue'.</msg>
<status status="PASS" starttime="20210303 14:41:34.507" endtime="20210303 14:41:35.335"></status>
</kw>
<kw name="Wait Until Page Contains Element" library="SeleniumLibrary">
<doc>Waits until the element ``locator`` appears on the current page.</doc>
<arguments>
<arg>id:questionText</arg>
</arguments>
<status status="PASS" starttime="20210303 14:41:35.335" endtime="20210303 14:41:35.353"></status>
</kw>
<kw name="Page Should Contain" library="SeleniumLibrary">
<doc>Verifies that current page contains ``text``.</doc>
<arguments>
<arg>What would you like to drive?</arg>
</arguments>
<msg timestamp="20210303 14:41:35.383" level="INFO">Current page contains text 'What would you like to drive?'.</msg>
<status status="PASS" starttime="20210303 14:41:35.353" endtime="20210303 14:41:35.384"></status>
</kw>
<status status="PASS" starttime="20210303 14:41:34.506" endtime="20210303 14:41:35.384"></status>
</kw>
<status status="PASS" starttime="20210303 14:41:34.506" endtime="20210303 14:41:35.384"></status>
</kw>
<kw name="And USER clicks on requested car to book" library="rental29_bookCar">
<kw name="Book Audi Q7" library="rental29_bookCar">
<kw name="Click Element" library="SeleniumLibrary">
<doc>Click the element identified by ``locator``.</doc>
<arguments>
<arg>id:bookQ7pass5</arg>
</arguments>
<msg timestamp="20210303 14:41:35.386" level="INFO">Clicking element 'id:bookQ7pass5'.</msg>
<status status="PASS" starttime="20210303 14:41:35.386" endtime="20210303 14:41:35.932"></status>
</kw>
<kw name="Wait Until Page Contains Element" library="SeleniumLibrary">
<doc>Waits until the element ``locator`` appears on the current page.</doc>
<arguments>
<arg>id:questionText</arg>
</arguments>
<status status="PASS" starttime="20210303 14:41:35.932" endtime="20210303 14:41:35.945"></status>
</kw>
<kw name="Page Should Contain" library="SeleniumLibrary">
<doc>Verifies that current page contains ``text``.</doc>
<arguments>
<arg>Confirm booking of Audi Q7</arg>
</arguments>
<msg timestamp="20210303 14:41:35.971" level="INFO">Current page contains text 'Confirm booking of Audi Q7'.</msg>
<status status="PASS" starttime="20210303 14:41:35.946" endtime="20210303 14:41:35.971"></status>
</kw>
<status status="PASS" starttime="20210303 14:41:35.385" endtime="20210303 14:41:35.971"></status>
</kw>
<status status="PASS" starttime="20210303 14:41:35.385" endtime="20210303 14:41:35.972"></status>
</kw>
<kw name="And USER inputs requirement information for booking the car" library="rental29_bookCar">
<kw name="Input Booking CardNumber" library="rental29_bookCar">
<arguments>
<arg>1234567890123456</arg>
</arguments>
<kw name="Input Text" library="SeleniumLibrary">
<doc>Types the given ``text`` into the text field identified by ``locator``.</doc>
<arguments>
<arg>id:cardNum</arg>
<arg>${SEARCH_TERM}</arg>
</arguments>
<msg timestamp="20210303 14:41:35.973" level="INFO">Typing text '1234567890123456' into text field 'id:cardNum'.</msg>
<status status="PASS" starttime="20210303 14:41:35.973" endtime="20210303 14:41:36.127"></status>
</kw>
<status status="PASS" starttime="20210303 14:41:35.972" endtime="20210303 14:41:36.127"></status>
</kw>
<kw name="Input Booking FullName AND Dropdown" library="rental29_bookCar">
<arguments>
<arg>Stefan Nikolic</arg>
</arguments>
<kw name="Input Text" library="SeleniumLibrary">
<doc>Types the given ``text`` into the text field identified by ``locator``.</doc>
<arguments>
<arg>id:fullName</arg>
<arg>${SEARCH_TERM}</arg>
</arguments>
<msg timestamp="20210303 14:41:36.128" level="INFO">Typing text 'Stefan Nikolic' into text field 'id:fullName'.</msg>
<status status="PASS" starttime="20210303 14:41:36.128" endtime="20210303 14:41:36.259"></status>
</kw>
<kw name="Select From List By Index" library="SeleniumLibrary">
<doc>Selects options from selection list ``locator`` by ``indexes``.</doc>
<arguments>
<arg>xpath://*[@id="confirmSelection"]/form/select[1]</arg>
<arg>4</arg>
</arguments>
<msg timestamp="20210303 14:41:36.259" level="INFO">Selecting options from selection list 'xpath://*[@id="confirmSelection"]/form/select[1]' by index 4.</msg>
<status status="PASS" starttime="20210303 14:41:36.259" endtime="20210303 14:41:36.385"></status>
</kw>
<kw name="Select From List By Index" library="SeleniumLibrary">
<doc>Selects options from selection list ``locator`` by ``indexes``.</doc>
<arguments>
<arg>xpath://*[@id="confirmSelection"]/form/select[2]</arg>
<arg>2</arg>
</arguments>
<msg timestamp="20210303 14:41:36.385" level="INFO">Selecting options from selection list 'xpath://*[@id="confirmSelection"]/form/select[2]' by index 2.</msg>
<status status="PASS" starttime="20210303 14:41:36.385" endtime="20210303 14:41:36.486"></status>
</kw>
<status status="PASS" starttime="20210303 14:41:36.127" endtime="20210303 14:41:36.486"></status>
</kw>
<kw name="Input Booking Cvc" library="rental29_bookCar">
<arguments>
<arg>137</arg>
</arguments>
<kw name="Input Text" library="SeleniumLibrary">
<doc>Types the given ``text`` into the text field identified by ``locator``.</doc>
<arguments>
<arg>id:cvc</arg>
<arg>${SEARCH_TERM}</arg>
</arguments>
<msg timestamp="20210303 14:41:36.487" level="INFO">Typing text '137' into text field 'id:cvc'.</msg>
<status status="PASS" starttime="20210303 14:41:36.487" endtime="20210303 14:41:36.588"></status>
</kw>
<status status="PASS" starttime="20210303 14:41:36.486" endtime="20210303 14:41:36.588"></status>
</kw>
<status status="PASS" starttime="20210303 14:41:35.972" endtime="20210303 14:41:36.588"></status>
</kw>
<kw name="When USER confirms booking" library="rental29_bookCar">
<kw name="Confirm Booking" library="rental29_bookCar">
<kw name="Click Element" library="SeleniumLibrary">
<doc>Click the element identified by ``locator``.</doc>
<arguments>
<arg>id:confirm</arg>
</arguments>
<msg timestamp="20210303 14:41:36.590" level="INFO">Clicking element 'id:confirm'.</msg>
<status status="PASS" starttime="20210303 14:41:36.589" endtime="20210303 14:41:36.865"></status>
</kw>
<status status="PASS" starttime="20210303 14:41:36.589" endtime="20210303 14:41:36.866"></status>
</kw>
<status status="PASS" starttime="20210303 14:41:36.589" endtime="20210303 14:41:36.866"></status>
</kw>
<kw name="Then the USER will successfully book a car and add booking to 'mypage'" library="rental29_bookCar">
<kw name="Verify Confirm Page" library="rental29_bookCar">
<kw name="Wait Until Page Contains Element" library="SeleniumLibrary">
<doc>Waits until the element ``locator`` appears on the current page.</doc>
<arguments>
<arg>id:questionTextSmall</arg>
</arguments>
<status status="PASS" starttime="20210303 14:41:36.870" endtime="20210303 14:41:36.889"></status>
</kw>
<kw name="Page Should Contain" library="SeleniumLibrary">
<doc>Verifies that current page contains ``text``.</doc>
<arguments>
<arg>A Audi Q7 is now ready for pickup 2021-03-03</arg>
</arguments>
<msg timestamp="20210303 14:41:36.912" level="INFO">Current page contains text 'A Audi Q7 is now ready for pickup 2021-03-03'.</msg>
<status status="PASS" starttime="20210303 14:41:36.889" endtime="20210303 14:41:36.912"></status>
</kw>
<status status="PASS" starttime="20210303 14:41:36.869" endtime="20210303 14:41:36.913"></status>
</kw>
<kw name="Verify Mypage Loaded" library="rental29_bookCar">
<kw name="Click Element" library="SeleniumLibrary">
<doc>Click the element identified by ``locator``.</doc>
<arguments>
<arg>id:mypage</arg>
</arguments>
<msg timestamp="20210303 14:41:36.913" level="INFO">Clicking element 'id:mypage'.</msg>
<status status="PASS" starttime="20210303 14:41:36.913" endtime="20210303 14:41:37.256"></status>
</kw>
<kw name="Get Title" library="SeleniumLibrary">
<doc>Returns the title of the current page.</doc>
<assign>
<var>${LINK_TEXT}</var>
</assign>
<msg timestamp="20210303 14:41:37.265" level="INFO">${LINK_TEXT} = Mypage</msg>
<status status="PASS" starttime="20210303 14:41:37.256" endtime="20210303 14:41:37.266"></status>
</kw>
<kw name="Should Be Equal" library="BuiltIn">
<doc>Fails if the given objects are unequal.</doc>
<arguments>
<arg>${LINK_TEXT}</arg>
<arg>Mypage</arg>
</arguments>
<status status="PASS" starttime="20210303 14:41:37.266" endtime="20210303 14:41:37.268"></status>
</kw>
<status status="PASS" starttime="20210303 14:41:36.913" endtime="20210303 14:41:37.268"></status>
</kw>
<status status="PASS" starttime="20210303 14:41:36.868" endtime="20210303 14:41:37.269"></status>
</kw>
<kw name="End Web Test" library="rental29_bookCar" type="teardown">
<kw name="Close Browser" library="SeleniumLibrary">
<doc>Closes the current browser.</doc>
<status status="PASS" starttime="20210303 14:41:37.270" endtime="20210303 14:41:40.039"></status>
</kw>
<status status="PASS" starttime="20210303 14:41:37.269" endtime="20210303 14:41:40.039"></status>
</kw>
<tags>
<tag>VG_test</tag>
</tags>
<status status="PASS" starttime="20210303 14:41:30.737" endtime="20210303 14:41:40.040" critical="yes"></status>
</test>
<doc>Testsvit - "Boka en bil"</doc>
<status status="PASS" starttime="20210303 14:41:30.384" endtime="20210303 14:41:40.043"></status>
</suite>
<statistics>
<total>
<stat pass="1" fail="0">Critical Tests</stat>
<stat pass="1" fail="0">All Tests</stat>
</total>
<tag>
<stat pass="1" fail="0">VG_test</stat>
</tag>
<suite>
<stat pass="1" fail="0" id="s1" name="rental29 infotiv net bookCar test">rental29 infotiv net bookCar test</stat>
</suite>
</statistics>
<errors>
</errors>
</robot>
